[2021-12-01T19:00:41.896] [DEBUG] cheese - login => username:张三,password:123456
[2021-12-01T19:00:41.897] [DEBUG] cheese - 张三
[2021-12-01T19:00:41.907] [DEBUG] cheese - null
[2021-12-01T19:00:41.907] [DEBUG] cheese - null
[2021-12-01T19:01:21.915] [DEBUG] cheese - login => username:admin,password:123456
[2021-12-01T19:01:21.915] [DEBUG] cheese - admin
[2021-12-01T19:01:21.919] [DEBUG] cheese - null
[2021-12-01T19:01:21.919] [DEBUG] cheese - null
[2021-12-02T11:22:21.660] [DEBUG] cheese - login => username:123213,password:213123
[2021-12-02T11:22:21.661] [DEBUG] cheese - 123213
[2021-12-02T11:22:21.674] [DEBUG] cheese - null
[2021-12-02T11:22:21.675] [DEBUG] cheese - null
[2021-12-02T11:40:39.796] [DEBUG] cheese - login => username:admin,password:123456
[2021-12-02T11:40:39.796] [DEBUG] cheese - admin
[2021-12-02T11:40:39.804] [DEBUG] cheese - null
[2021-12-02T11:40:39.804] [DEBUG] cheese - null
[2021-12-02T11:45:12.575] [DEBUG] cheese - login => username:admin,password:123456
[2021-12-02T11:45:12.575] [DEBUG] cheese - admin
[2021-12-02T11:45:12.580] [DEBUG] cheese - null
[2021-12-02T11:45:12.580] [DEBUG] cheese - null
[2021-12-02T11:54:08.385] [DEBUG] cheese - login => username:213213,password:2132123
[2021-12-02T11:54:08.385] [DEBUG] cheese - 213213
[2021-12-02T11:54:08.389] [DEBUG] cheese - null
[2021-12-02T11:54:08.389] [DEBUG] cheese - null
[2021-12-02T11:54:09.084] [DEBUG] cheese - login => username:213213,password:2132123
[2021-12-02T11:54:09.084] [DEBUG] cheese - 213213
[2021-12-02T11:54:09.086] [DEBUG] cheese - null
[2021-12-02T11:54:09.086] [DEBUG] cheese - null
[2021-12-02T11:54:16.467] [DEBUG] cheese - login => username:admin,password:123456
[2021-12-02T11:54:16.467] [DEBUG] cheese - admin
[2021-12-02T11:54:16.469] [DEBUG] cheese - null
[2021-12-02T11:54:16.469] [DEBUG] cheese - null
[2021-12-02T11:54:17.171] [DEBUG] cheese - login => username:admin,password:123456
[2021-12-02T11:54:17.171] [DEBUG] cheese - admin
[2021-12-02T11:54:17.174] [DEBUG] cheese - null
[2021-12-02T11:54:17.174] [DEBUG] cheese - null
[2021-12-02T11:54:17.641] [DEBUG] cheese - login => username:admin,password:123456
[2021-12-02T11:54:17.641] [DEBUG] cheese - admin
[2021-12-02T11:54:17.642] [DEBUG] cheese - null
[2021-12-02T11:54:17.642] [DEBUG] cheese - null
[2021-12-02T11:54:26.508] [DEBUG] cheese - login => username:21312321,password:21321321
[2021-12-02T11:54:26.508] [DEBUG] cheese - 21312321
[2021-12-02T11:54:26.509] [DEBUG] cheese - null
[2021-12-02T11:54:26.509] [DEBUG] cheese - null
[2021-12-02T11:55:25.013] [DEBUG] cheese - login => username:12312312,password:21312321
[2021-12-02T11:55:25.013] [DEBUG] cheese - 12312312
[2021-12-02T11:55:25.014] [DEBUG] cheese - null
[2021-12-02T11:55:25.014] [DEBUG] cheese - null
[2021-12-02T11:55:54.497] [DEBUG] cheese - login => username:admin,password:123456
[2021-12-02T11:55:54.497] [DEBUG] cheese - admin
[2021-12-02T11:55:54.499] [DEBUG] cheese - null
[2021-12-02T11:55:54.499] [DEBUG] cheese - null
[2021-12-02T13:05:23.431] [DEBUG] cheese - login => username:admin,password:123456
[2021-12-02T13:05:23.431] [DEBUG] cheese - admin
[2021-12-02T13:05:23.435] [DEBUG] cheese - null
[2021-12-02T13:05:23.435] [DEBUG] cheese - null
[2021-12-02T13:05:42.184] [DEBUG] cheese - login => username:admin,password:123456
[2021-12-02T13:05:42.184] [DEBUG] cheese - admin
[2021-12-02T13:05:42.185] [DEBUG] cheese - null
[2021-12-02T13:05:42.185] [DEBUG] cheese - null
[2021-12-02T13:06:00.280] [DEBUG] cheese - login => username:admin,password:123456
[2021-12-02T13:06:00.280] [DEBUG] cheese - admin
[2021-12-02T13:06:00.281] [DEBUG] cheese - null
[2021-12-02T13:06:00.281] [DEBUG] cheese - null
[2021-12-02T13:07:35.534] [DEBUG] cheese - login => username:admin,password:123456
[2021-12-02T13:07:35.534] [DEBUG] cheese - admin
[2021-12-02T13:07:35.535] [DEBUG] cheese - null
[2021-12-02T13:07:35.535] [DEBUG] cheese - null
[2021-12-02T13:15:34.969] [DEBUG] cheese - login => username:112321,password:312322
[2021-12-02T13:15:34.969] [DEBUG] cheese - 112321
[2021-12-02T13:15:34.973] [DEBUG] cheese - null
[2021-12-02T13:15:34.974] [DEBUG] cheese - null
[2021-12-02T13:15:41.422] [DEBUG] cheese - login => username:admin,password:123456
[2021-12-02T13:15:41.422] [DEBUG] cheese - admin
[2021-12-02T13:15:41.424] [DEBUG] cheese - null
[2021-12-02T13:15:41.424] [DEBUG] cheese - null
[2021-12-02T13:28:25.476] [DEBUG] cheese - login => username:admin,password:123456
[2021-12-02T13:28:25.477] [DEBUG] cheese - admin
[2021-12-02T13:28:25.481] [DEBUG] cheese - null
[2021-12-02T13:28:25.482] [DEBUG] cheese - null
[2021-12-02T13:29:33.689] [DEBUG] cheese - login => username:admin,password:123456
[2021-12-02T13:29:33.689] [DEBUG] cheese - admin
[2021-12-02T13:29:33.691] [DEBUG] cheese - null
[2021-12-02T13:29:33.691] [DEBUG] cheese - null
[2021-12-02T13:45:24.362] [DEBUG] cheese - login => username:admin ,password:223445
[2021-12-02T13:45:24.362] [DEBUG] cheese - admin 
[2021-12-02T13:45:24.367] [DEBUG] cheese - null
[2021-12-02T13:45:24.367] [DEBUG] cheese - null
[2021-12-02T13:45:27.769] [DEBUG] cheese - login => username:admin ,password:123456
[2021-12-02T13:45:27.769] [DEBUG] cheese - admin 
[2021-12-02T13:45:27.771] [DEBUG] cheese - null
[2021-12-02T13:45:27.771] [DEBUG] cheese - null
[2021-12-02T13:53:45.060] [DEBUG] cheese - login => username:admin,password:123456
[2021-12-02T13:53:45.060] [DEBUG] cheese - admin
[2021-12-02T13:53:45.065] [DEBUG] cheese - null
[2021-12-02T13:53:45.065] [DEBUG] cheese - null
[2021-12-02T13:54:12.938] [DEBUG] cheese - login => username:admin,password:123456
[2021-12-02T13:54:12.938] [DEBUG] cheese - admin
[2021-12-02T13:54:12.940] [DEBUG] cheese - null
[2021-12-02T13:54:12.940] [DEBUG] cheese - null
[2021-12-02T15:49:37.172] [DEBUG] cheese - login => username:admin,password:123456
[2021-12-02T15:49:37.172] [DEBUG] cheese - admin
[2021-12-02T15:49:37.180] [DEBUG] cheese - null
[2021-12-02T15:49:37.180] [DEBUG] cheese - null
[2021-12-02T15:51:44.171] [DEBUG] cheese - login => username:admin,password:123456
[2021-12-02T15:51:44.171] [DEBUG] cheese - admin
[2021-12-02T15:51:44.176] [DEBUG] cheese - null
[2021-12-02T15:51:44.176] [DEBUG] cheese - null
[2021-12-02T16:03:52.836] [DEBUG] cheese - login => username:admin,password:123456
[2021-12-02T16:03:52.836] [DEBUG] cheese - admin
[2021-12-02T16:03:52.841] [DEBUG] cheese - null
[2021-12-02T16:03:52.841] [DEBUG] cheese - null
[2021-12-02T16:10:24.977] [DEBUG] cheese - login => username:admin,password:123456
[2021-12-02T16:10:24.978] [DEBUG] cheese - admin
[2021-12-02T16:10:24.982] [DEBUG] cheese - null
[2021-12-02T16:10:24.982] [DEBUG] cheese - null
[2021-12-02T16:14:14.308] [DEBUG] cheese - login => username:admin,password:123456
[2021-12-02T16:14:14.309] [DEBUG] cheese - admin
[2021-12-02T16:14:14.313] [DEBUG] cheese - null
[2021-12-02T16:14:14.313] [DEBUG] cheese - null
[2021-12-02T16:31:09.551] [DEBUG] cheese - login => username:admin,password:123456
[2021-12-02T16:31:09.551] [DEBUG] cheese - admin
[2021-12-02T16:31:09.554] [DEBUG] cheese - null
[2021-12-02T16:31:09.554] [DEBUG] cheese - null
[2021-12-02T16:32:53.480] [DEBUG] cheese - login => username:admin,password:123456
[2021-12-02T16:32:53.480] [DEBUG] cheese - admin
[2021-12-02T16:32:53.481] [DEBUG] cheese - null
[2021-12-02T16:32:53.481] [DEBUG] cheese - null
[2021-12-02T16:36:42.930] [DEBUG] cheese - login => username:admin,password:123456
[2021-12-02T16:36:42.930] [DEBUG] cheese - admin
[2021-12-02T16:36:42.935] [DEBUG] cheese - null
[2021-12-02T16:36:42.935] [DEBUG] cheese - null
[2021-12-02T17:12:02.953] [DEBUG] cheese - login => username:admin,password:123456
[2021-12-02T17:12:02.953] [DEBUG] cheese - admin
[2021-12-02T17:12:02.956] [DEBUG] cheese - null
[2021-12-02T17:12:02.956] [DEBUG] cheese - null
[2021-12-02T17:20:32.344] [DEBUG] cheese - login => username:admin,password:123456
[2021-12-02T17:20:32.345] [DEBUG] cheese - admin
[2021-12-02T17:20:32.348] [DEBUG] cheese - null
[2021-12-02T17:20:32.348] [DEBUG] cheese - null
[2021-12-02T17:32:01.437] [DEBUG] cheese - login => username:admin,password:123456
[2021-12-02T17:32:01.437] [DEBUG] cheese - admin
[2021-12-02T17:32:01.439] [DEBUG] cheese - null
[2021-12-02T17:32:01.439] [DEBUG] cheese - null
[2021-12-02T17:36:04.647] [DEBUG] cheese - login => username:admin,password:123456
[2021-12-02T17:36:04.647] [DEBUG] cheese - admin
[2021-12-02T17:36:04.649] [DEBUG] cheese - null
[2021-12-02T17:36:04.650] [DEBUG] cheese - null
[2021-12-02T17:38:05.879] [DEBUG] cheese - login => username:admin,password:123456
[2021-12-02T17:38:05.879] [DEBUG] cheese - admin
[2021-12-02T17:38:05.881] [DEBUG] cheese - null
[2021-12-02T17:38:05.881] [DEBUG] cheese - null
[2021-12-02T18:02:31.004] [DEBUG] cheese - login => username:admin,password:12312321
[2021-12-02T18:02:31.004] [DEBUG] cheese - admin
[2021-12-02T18:02:31.005] [DEBUG] cheese - null
[2021-12-02T18:02:31.005] [DEBUG] cheese - null
[2021-12-02T18:02:34.686] [DEBUG] cheese - login => username:admin,password:123456
[2021-12-02T18:02:34.686] [DEBUG] cheese - admin
[2021-12-02T18:02:34.687] [DEBUG] cheese - null
[2021-12-02T18:02:34.687] [DEBUG] cheese - null
[2021-12-02T18:02:38.905] [DEBUG] cheese - login => username:admin,password:123456
[2021-12-02T18:02:38.905] [DEBUG] cheese - admin
[2021-12-02T18:02:38.907] [DEBUG] cheese - null
[2021-12-02T18:02:38.907] [DEBUG] cheese - null
[2021-12-02T18:12:48.781] [DEBUG] cheese - login => username:admin,password:123456
[2021-12-02T18:12:48.781] [DEBUG] cheese - admin
[2021-12-02T18:12:48.782] [DEBUG] cheese - null
[2021-12-02T18:12:48.782] [DEBUG] cheese - null
[2021-12-02T18:44:48.751] [DEBUG] cheese - login => username:admin,password:123456
[2021-12-02T18:44:48.752] [DEBUG] cheese - admin
[2021-12-02T18:44:48.754] [DEBUG] cheese - null
[2021-12-02T18:44:48.754] [DEBUG] cheese - null
[2021-12-02T18:52:51.967] [DEBUG] cheese - login => username:admin,password:123456
[2021-12-02T18:52:51.968] [DEBUG] cheese - admin
[2021-12-02T18:52:51.970] [DEBUG] cheese - null
[2021-12-02T18:52:51.970] [DEBUG] cheese - null
[2021-12-02T20:32:55.428] [DEBUG] cheese - login => username:admin,password:123456
[2021-12-02T20:32:55.428] [DEBUG] cheese - admin
[2021-12-02T20:32:55.433] [DEBUG] cheese - null
[2021-12-02T20:32:55.433] [DEBUG] cheese - null
[2021-12-02T20:40:08.516] [DEBUG] cheese - login => username:admin,password:123456
[2021-12-02T20:40:08.516] [DEBUG] cheese - admin
[2021-12-02T20:40:08.517] [DEBUG] cheese - null
[2021-12-02T20:40:08.517] [DEBUG] cheese - null
[2021-12-02T20:43:15.324] [DEBUG] cheese - login => username:admin,password:123456
[2021-12-02T20:43:15.324] [DEBUG] cheese - admin
[2021-12-02T20:43:15.326] [DEBUG] cheese - null
[2021-12-02T20:43:15.326] [DEBUG] cheese - null
[2021-12-02T20:49:08.339] [DEBUG] cheese - login => username:admin,password:123456
[2021-12-02T20:49:08.339] [DEBUG] cheese - admin
[2021-12-02T20:49:08.340] [DEBUG] cheese - null
[2021-12-02T20:49:08.340] [DEBUG] cheese - null
[2021-12-02T20:49:18.800] [DEBUG] cheese - login => username:admin,password:123456
[2021-12-02T20:49:18.800] [DEBUG] cheese - admin
[2021-12-02T20:49:18.801] [DEBUG] cheese - null
[2021-12-02T20:49:18.801] [DEBUG] cheese - null
[2021-12-02T20:49:44.114] [DEBUG] cheese - login => username:admin,password:123456
[2021-12-02T20:49:44.114] [DEBUG] cheese - admin
[2021-12-02T20:49:44.115] [DEBUG] cheese - null
[2021-12-02T20:49:44.115] [DEBUG] cheese - null
[2021-12-02T20:49:58.199] [DEBUG] cheese - login => username:admin,password:123456
[2021-12-02T20:49:58.199] [DEBUG] cheese - admin
[2021-12-02T20:49:58.200] [DEBUG] cheese - null
[2021-12-02T20:49:58.201] [DEBUG] cheese - null
[2021-12-02T20:50:36.889] [DEBUG] cheese - login => username:admin,password:123456
[2021-12-02T20:50:36.889] [DEBUG] cheese - admin
[2021-12-02T20:50:36.890] [DEBUG] cheese - null
[2021-12-02T20:50:36.890] [DEBUG] cheese - null
[2021-12-02T21:01:50.989] [DEBUG] cheese - login => username:admin,password:123456
[2021-12-02T21:01:50.989] [DEBUG] cheese - admin
[2021-12-02T21:01:50.990] [DEBUG] cheese - null
[2021-12-02T21:01:50.990] [DEBUG] cheese - null
[2021-12-02T21:04:59.794] [DEBUG] cheese - login => username:admin,password:123456
[2021-12-02T21:04:59.794] [DEBUG] cheese - admin
[2021-12-02T21:04:59.796] [DEBUG] cheese - null
[2021-12-02T21:04:59.796] [DEBUG] cheese - null
[2021-12-02T21:10:17.565] [DEBUG] cheese - login => username:admin,password:123456
[2021-12-02T21:10:17.565] [DEBUG] cheese - admin
[2021-12-02T21:10:17.566] [DEBUG] cheese - null
[2021-12-02T21:10:17.566] [DEBUG] cheese - null
[2021-12-02T21:11:04.945] [DEBUG] cheese - login => username:admin,password:123456
[2021-12-02T21:11:04.945] [DEBUG] cheese - admin
[2021-12-02T21:11:04.947] [DEBUG] cheese - null
[2021-12-02T21:11:04.947] [DEBUG] cheese - null
[2021-12-02T21:11:31.379] [DEBUG] cheese - login => username:admin,password:123456
[2021-12-02T21:11:31.379] [DEBUG] cheese - admin
[2021-12-02T21:11:31.380] [DEBUG] cheese - null
[2021-12-02T21:11:31.380] [DEBUG] cheese - null
[2021-12-02T21:11:50.735] [DEBUG] cheese - login => username:admin,password:123456
[2021-12-02T21:11:50.735] [DEBUG] cheese - admin
[2021-12-02T21:11:50.737] [DEBUG] cheese - null
[2021-12-02T21:11:50.737] [DEBUG] cheese - null
[2021-12-02T21:12:04.074] [DEBUG] cheese - login => username:admin,password:123456
[2021-12-02T21:12:04.074] [DEBUG] cheese - admin
[2021-12-02T21:12:04.075] [DEBUG] cheese - null
[2021-12-02T21:12:04.075] [DEBUG] cheese - null
[2021-12-02T21:14:40.230] [DEBUG] cheese - login => username:admin,password:123456
[2021-12-02T21:14:40.231] [DEBUG] cheese - admin
[2021-12-02T21:14:40.232] [DEBUG] cheese - null
[2021-12-02T21:14:40.232] [DEBUG] cheese - null
[2021-12-02T21:17:19.961] [DEBUG] cheese - login => username:admin,password:123456
[2021-12-02T21:17:19.961] [DEBUG] cheese - admin
[2021-12-02T21:17:19.964] [DEBUG] cheese - null
[2021-12-02T21:17:19.964] [DEBUG] cheese - null
[2021-12-02T21:19:01.847] [DEBUG] cheese - login => username:admin,password:123456
[2021-12-02T21:19:01.847] [DEBUG] cheese - admin
[2021-12-02T21:19:01.849] [DEBUG] cheese - null
[2021-12-02T21:19:01.849] [DEBUG] cheese - null
[2021-12-02T21:21:18.631] [DEBUG] cheese - login => username:admin,password:123456
[2021-12-02T21:21:18.631] [DEBUG] cheese - admin
[2021-12-02T21:21:18.633] [DEBUG] cheese - null
[2021-12-02T21:21:18.633] [DEBUG] cheese - null
[2021-12-02T21:22:32.948] [DEBUG] cheese - login => username:admin,password:123456
[2021-12-02T21:22:32.948] [DEBUG] cheese - admin
[2021-12-02T21:22:32.949] [DEBUG] cheese - null
[2021-12-02T21:22:32.949] [DEBUG] cheese - null
[2021-12-02T21:27:20.300] [DEBUG] cheese - login => username:admin,password:123456
[2021-12-02T21:27:20.300] [DEBUG] cheese - admin
[2021-12-02T21:27:20.302] [DEBUG] cheese - null
[2021-12-02T21:27:20.302] [DEBUG] cheese - null
[2021-12-02T21:32:22.691] [DEBUG] cheese - login => username:admin,password:123456
[2021-12-02T21:32:22.691] [DEBUG] cheese - admin
[2021-12-02T21:32:22.693] [DEBUG] cheese - null
[2021-12-02T21:32:22.693] [DEBUG] cheese - null
[2021-12-02T21:38:32.461] [DEBUG] cheese - login => username:admin,password:123456
[2021-12-02T21:38:32.461] [DEBUG] cheese - admin
[2021-12-02T21:38:32.463] [DEBUG] cheese - null
[2021-12-02T21:38:32.463] [DEBUG] cheese - null
[2021-12-02T21:44:17.684] [DEBUG] cheese - login => username:admin,password:123456
[2021-12-02T21:44:17.684] [DEBUG] cheese - admin
[2021-12-02T21:44:17.687] [DEBUG] cheese - null
[2021-12-02T21:44:17.687] [DEBUG] cheese - null
[2021-12-02T21:46:38.360] [DEBUG] cheese - login => username:admin,password:123456
[2021-12-02T21:46:38.360] [DEBUG] cheese - admin
[2021-12-02T21:46:38.362] [DEBUG] cheese - null
[2021-12-02T21:46:38.362] [DEBUG] cheese - null
[2021-12-02T21:55:34.817] [DEBUG] cheese - login => username:admin,password:123456
[2021-12-02T21:55:34.818] [DEBUG] cheese - admin
[2021-12-02T21:55:34.820] [DEBUG] cheese - null
[2021-12-02T21:55:34.820] [DEBUG] cheese - null
[2021-12-02T22:13:44.058] [DEBUG] cheese - login => username:admin,password:123456
[2021-12-02T22:13:44.058] [DEBUG] cheese - admin
[2021-12-02T22:13:44.060] [DEBUG] cheese - null
[2021-12-02T22:13:44.060] [DEBUG] cheese - null
[2021-12-02T22:18:11.538] [DEBUG] cheese - login => username:admin,password:123456
[2021-12-02T22:18:11.538] [DEBUG] cheese - admin
[2021-12-02T22:18:11.540] [DEBUG] cheese - null
[2021-12-02T22:18:11.540] [DEBUG] cheese - null
[2021-12-02T22:29:19.633] [DEBUG] cheese - login => username:admin,password:123456
[2021-12-02T22:29:19.633] [DEBUG] cheese - admin
[2021-12-02T22:29:19.634] [DEBUG] cheese - null
[2021-12-02T22:29:19.634] [DEBUG] cheese - null
[2021-12-02T22:43:17.318] [DEBUG] cheese - login => username:admin,password:123456
[2021-12-02T22:43:17.318] [DEBUG] cheese - admin
[2021-12-02T22:43:17.321] [DEBUG] cheese - null
[2021-12-02T22:43:17.321] [DEBUG] cheese - null
[2021-12-03T09:55:03.975] [DEBUG] cheese - login => username:admin,password:123456
[2021-12-03T09:55:03.976] [DEBUG] cheese - admin
[2021-12-03T09:55:03.992] [DEBUG] cheese - null
[2021-12-03T09:55:03.992] [DEBUG] cheese - null
[2021-12-03T09:57:51.204] [DEBUG] cheese - login => username:admin,password:123456
[2021-12-03T09:57:51.205] [DEBUG] cheese - admin
[2021-12-03T09:57:51.209] [DEBUG] cheese - null
[2021-12-03T09:57:51.210] [DEBUG] cheese - null
[2021-12-03T10:07:38.293] [DEBUG] cheese - login => username:admin,password:123456
[2021-12-03T10:07:38.293] [DEBUG] cheese - admin
[2021-12-03T10:07:38.295] [DEBUG] cheese - null
[2021-12-03T10:07:38.295] [DEBUG] cheese - null
[2021-12-03T10:12:08.798] [DEBUG] cheese - login => username:admin,password:123456
[2021-12-03T10:12:08.798] [DEBUG] cheese - admin
[2021-12-03T10:12:08.801] [DEBUG] cheese - null
[2021-12-03T10:12:08.801] [DEBUG] cheese - null
[2021-12-03T10:20:47.822] [DEBUG] cheese - login => username:admin,password:123456
[2021-12-03T10:20:47.822] [DEBUG] cheese - admin
[2021-12-03T10:20:47.827] [DEBUG] cheese - null
[2021-12-03T10:20:47.827] [DEBUG] cheese - null
[2021-12-03T10:26:35.619] [DEBUG] cheese - login => username:admin,password:123456
[2021-12-03T10:26:35.619] [DEBUG] cheese - admin
[2021-12-03T10:26:35.621] [DEBUG] cheese - null
[2021-12-03T10:26:35.621] [DEBUG] cheese - null
[2021-12-03T10:46:01.228] [DEBUG] cheese - login => username:admin,password:123456
[2021-12-03T10:46:01.228] [DEBUG] cheese - admin
[2021-12-03T10:46:01.229] [DEBUG] cheese - null
[2021-12-03T10:46:01.229] [DEBUG] cheese - null
[2021-12-03T10:57:16.104] [DEBUG] cheese - login => username:admin,password:123456
[2021-12-03T10:57:16.104] [DEBUG] cheese - admin
[2021-12-03T10:57:16.107] [DEBUG] cheese - null
[2021-12-03T10:57:16.107] [DEBUG] cheese - null
[2021-12-03T11:23:41.158] [DEBUG] cheese - login => username:admin,password:123456
[2021-12-03T11:23:41.158] [DEBUG] cheese - admin
[2021-12-03T11:23:41.160] [DEBUG] cheese - null
[2021-12-03T11:23:41.160] [DEBUG] cheese - null
[2021-12-03T13:54:55.956] [DEBUG] cheese - login => username:admin,password:123456
[2021-12-03T13:54:55.957] [DEBUG] cheese - admin
[2021-12-03T13:54:55.958] [DEBUG] cheese - null
[2021-12-03T13:54:55.958] [DEBUG] cheese - null
[2021-12-03T13:59:20.873] [DEBUG] cheese - login => username:admin,password:123456
[2021-12-03T13:59:20.873] [DEBUG] cheese - admin
[2021-12-03T13:59:20.875] [DEBUG] cheese - null
[2021-12-03T13:59:20.875] [DEBUG] cheese - null
[2021-12-03T14:09:13.869] [DEBUG] cheese - login => username:admin,password:123456
[2021-12-03T14:09:13.869] [DEBUG] cheese - admin
[2021-12-03T14:09:13.871] [DEBUG] cheese - null
[2021-12-03T14:09:13.871] [DEBUG] cheese - null
[2021-12-03T15:56:22.700] [DEBUG] cheese - login => username:admin,password:123456
[2021-12-03T15:56:22.701] [DEBUG] cheese - admin
[2021-12-03T15:56:22.706] [DEBUG] cheese - null
[2021-12-03T15:56:22.706] [DEBUG] cheese - null
[2021-12-03T16:11:20.249] [DEBUG] cheese - login => username:admin,password:123456
[2021-12-03T16:11:20.249] [DEBUG] cheese - admin
[2021-12-03T16:11:20.251] [DEBUG] cheese - null
[2021-12-03T16:11:20.251] [DEBUG] cheese - null
[2021-12-03T16:58:16.391] [DEBUG] cheese - login => username:admin,password:123456
[2021-12-03T16:58:16.391] [DEBUG] cheese - admin
[2021-12-03T16:58:16.393] [DEBUG] cheese - null
[2021-12-03T16:58:16.393] [DEBUG] cheese - null
[2021-12-03T17:06:08.541] [DEBUG] cheese - login => username:admin,password:123456
[2021-12-03T17:06:08.541] [DEBUG] cheese - admin
[2021-12-03T17:06:08.543] [DEBUG] cheese - null
[2021-12-03T17:06:08.543] [DEBUG] cheese - null
[2021-12-03T17:10:02.866] [DEBUG] cheese - login => username:admin,password:123456
[2021-12-03T17:10:02.866] [DEBUG] cheese - admin
[2021-12-03T17:10:02.868] [DEBUG] cheese - null
[2021-12-03T17:10:02.868] [DEBUG] cheese - null
[2021-12-03T17:11:35.501] [DEBUG] cheese - login => username:admin,password:123456
[2021-12-03T17:11:35.501] [DEBUG] cheese - admin
[2021-12-03T17:11:35.502] [DEBUG] cheese - null
[2021-12-03T17:11:35.503] [DEBUG] cheese - null
[2021-12-03T18:07:15.282] [DEBUG] cheese - login => username:admin,password:123456
[2021-12-03T18:07:15.282] [DEBUG] cheese - admin
[2021-12-03T18:07:15.284] [DEBUG] cheese - null
[2021-12-03T18:07:15.284] [DEBUG] cheese - null
[2021-12-03T20:17:33.072] [DEBUG] cheese - login => username:admin,password:123456
[2021-12-03T20:17:33.073] [DEBUG] cheese - admin
[2021-12-03T20:17:33.082] [DEBUG] cheese - null
[2021-12-03T20:17:33.082] [DEBUG] cheese - null
[2021-12-03T20:20:22.364] [DEBUG] cheese - login => username:admin,password:123456
[2021-12-03T20:20:22.364] [DEBUG] cheese - admin
[2021-12-03T20:20:22.368] [DEBUG] cheese - null
[2021-12-03T20:20:22.368] [DEBUG] cheese - null
[2021-12-03T20:24:54.235] [DEBUG] cheese - login => username:admin,password:123456
[2021-12-03T20:24:54.235] [DEBUG] cheese - admin
[2021-12-03T20:24:54.236] [DEBUG] cheese - null
[2021-12-03T20:24:54.236] [DEBUG] cheese - null
[2021-12-03T20:41:41.760] [DEBUG] cheese - login => username:admin,password:123456
[2021-12-03T20:41:41.761] [DEBUG] cheese - admin
[2021-12-03T20:41:41.762] [DEBUG] cheese - null
[2021-12-03T20:41:41.762] [DEBUG] cheese - null
[2021-12-03T23:12:23.966] [DEBUG] cheese - login => username:admin,password:123456
[2021-12-03T23:12:23.966] [DEBUG] cheese - admin
[2021-12-03T23:12:23.967] [DEBUG] cheese - null
[2021-12-03T23:12:23.967] [DEBUG] cheese - null
[2021-12-03T23:32:00.634] [DEBUG] cheese - null
[2021-12-03T23:32:22.348] [DEBUG] cheese - null
[2021-12-03T23:32:26.540] [DEBUG] cheese - null
[2021-12-03T23:37:16.868] [DEBUG] cheese - login => username:admin,password:123456
[2021-12-03T23:37:16.869] [DEBUG] cheese - admin
[2021-12-03T23:37:16.870] [DEBUG] cheese - null
[2021-12-03T23:37:16.870] [DEBUG] cheese - null
[2021-12-03T23:41:26.002] [DEBUG] cheese - null
[2021-12-03T23:41:28.235] [DEBUG] cheese - null
[2021-12-04T09:38:26.397] [DEBUG] cheese - login => username:admin,password:123456
[2021-12-04T09:38:26.398] [DEBUG] cheese - admin
[2021-12-04T09:38:26.411] [DEBUG] cheese - null
[2021-12-04T09:38:26.412] [DEBUG] cheese - null
[2021-12-04T09:45:57.195] [DEBUG] cheese - login => username:admin,password:123456
[2021-12-04T09:45:57.195] [DEBUG] cheese - admin
[2021-12-04T09:45:57.200] [DEBUG] cheese - null
[2021-12-04T09:45:57.200] [DEBUG] cheese - null
[2021-12-04T10:18:41.476] [DEBUG] cheese - login => username:admin,password:123456
[2021-12-04T10:18:41.477] [DEBUG] cheese - admin
[2021-12-04T10:18:41.481] [DEBUG] cheese - null
[2021-12-04T10:18:41.481] [DEBUG] cheese - null
[2021-12-04T12:12:22.984] [DEBUG] cheese - null
[2021-12-04T16:25:38.374] [DEBUG] cheese - login => username:admin,password:123456
[2021-12-04T16:25:38.374] [DEBUG] cheese - admin
[2021-12-04T16:25:38.378] [DEBUG] cheese - null
[2021-12-04T16:25:38.378] [DEBUG] cheese - null
[2021-12-04T17:44:03.730] [DEBUG] cheese - login => username:admin,password:123456
[2021-12-04T17:44:03.730] [DEBUG] cheese - admin
[2021-12-04T17:44:03.731] [DEBUG] cheese - null
[2021-12-04T17:44:03.731] [DEBUG] cheese - null
[2021-12-04T17:49:52.614] [DEBUG] cheese - login => username:admin,password:123456
[2021-12-04T17:49:52.614] [DEBUG] cheese - admin
[2021-12-04T17:49:52.617] [DEBUG] cheese - null
[2021-12-04T17:49:52.617] [DEBUG] cheese - null
[2021-12-04T18:39:01.889] [DEBUG] cheese - login => username:admin,password:123456
[2021-12-04T18:39:01.889] [DEBUG] cheese - admin
[2021-12-04T18:39:01.892] [DEBUG] cheese - null
[2021-12-04T18:39:01.892] [DEBUG] cheese - null
[2021-12-04T20:57:34.623] [DEBUG] cheese - login => username:admin,password:123456
[2021-12-04T20:57:34.624] [DEBUG] cheese - admin
[2021-12-04T20:57:34.630] [DEBUG] cheese - null
[2021-12-04T20:57:34.631] [DEBUG] cheese - null
[2021-12-05T09:27:32.058] [DEBUG] cheese - login => username:admin,password:123456
[2021-12-05T09:27:32.060] [DEBUG] cheese - admin
[2021-12-05T09:27:32.077] [DEBUG] cheese - null
[2021-12-05T09:27:32.077] [DEBUG] cheese - null
[2021-12-05T14:32:10.638] [DEBUG] cheese - login => username:admin,password:123456
[2021-12-05T14:32:10.639] [DEBUG] cheese - admin
[2021-12-05T14:32:10.643] [DEBUG] cheese - null
[2021-12-05T14:32:10.643] [DEBUG] cheese - null
[2021-12-05T19:15:34.297] [DEBUG] cheese - login => username:admin,password:123456
[2021-12-05T19:15:34.298] [DEBUG] cheese - admin
[2021-12-05T19:15:34.309] [DEBUG] cheese - null
[2021-12-05T19:15:34.309] [DEBUG] cheese - null
[2021-12-06T09:19:17.809] [DEBUG] cheese - login => username:admin,password:123456
[2021-12-06T09:19:17.810] [DEBUG] cheese - admin
[2021-12-06T09:19:17.828] [DEBUG] cheese - null
[2021-12-06T09:19:17.828] [DEBUG] cheese - null
[2021-12-06T14:56:17.786] [DEBUG] cheese - login => username:admin,password:123456
[2021-12-06T14:56:17.787] [DEBUG] cheese - admin
[2021-12-06T14:56:17.794] [DEBUG] cheese - null
[2021-12-06T14:56:17.794] [DEBUG] cheese - null
[2021-12-06T15:04:22.313] [DEBUG] cheese - login => username:admin,password:123456
[2021-12-06T15:04:22.313] [DEBUG] cheese - admin
[2021-12-06T15:04:22.315] [DEBUG] cheese - null
[2021-12-06T15:04:22.315] [DEBUG] cheese - null
[2021-12-06T15:40:02.100] [DEBUG] cheese - login => username:admin,password:123456
[2021-12-06T15:40:02.100] [DEBUG] cheese - admin
[2021-12-06T15:40:02.105] [DEBUG] cheese - null
[2021-12-06T15:40:02.105] [DEBUG] cheese - null
[2021-12-07T09:23:18.811] [DEBUG] cheese - login => username:admin,password:123456
[2021-12-07T09:23:18.812] [DEBUG] cheese - admin
[2021-12-07T09:23:18.830] [DEBUG] cheese - null
[2021-12-07T09:23:18.830] [DEBUG] cheese - null
[2021-12-07T10:18:34.432] [DEBUG] cheese - login => username:admin,password:123456
[2021-12-07T10:18:34.434] [DEBUG] cheese - admin
[2021-12-07T10:18:34.443] [DEBUG] cheese - null
[2021-12-07T10:18:34.444] [DEBUG] cheese - null
[2021-12-07T11:46:11.548] [DEBUG] cheese - null
[2021-12-07T11:47:08.769] [DEBUG] cheese - null
[2021-12-07T11:47:20.238] [DEBUG] cheese - login => username:admin,password:123456
[2021-12-07T11:47:20.238] [DEBUG] cheese - admin
[2021-12-07T11:47:20.243] [DEBUG] cheese - null
[2021-12-07T11:47:20.244] [DEBUG] cheese - null
[2021-12-07T11:48:41.785] [DEBUG] cheese - null
[2021-12-07T14:25:41.942] [DEBUG] cheese - login => username:admin,password:123456
[2021-12-07T14:25:41.943] [DEBUG] cheese - admin
[2021-12-07T14:25:41.952] [DEBUG] cheese - null
[2021-12-07T14:25:41.952] [DEBUG] cheese - null
[2021-12-07T17:07:28.541] [DEBUG] cheese - login => username:admin,password:123456
[2021-12-07T17:07:28.542] [DEBUG] cheese - admin
[2021-12-07T17:07:28.547] [DEBUG] cheese - null
[2021-12-07T17:07:28.548] [DEBUG] cheese - null
[2021-12-07T19:49:25.283] [DEBUG] cheese - login => username:admin,password:123456
[2021-12-07T19:49:25.284] [DEBUG] cheese - admin
[2021-12-07T19:49:25.292] [DEBUG] cheese - null
[2021-12-07T19:49:25.293] [DEBUG] cheese - null
[2021-12-07T20:36:01.318] [DEBUG] cheese - login => username:admin,password:123456
[2021-12-07T20:36:01.320] [DEBUG] cheese - admin
[2021-12-07T20:36:01.331] [DEBUG] cheese - null
[2021-12-07T20:36:01.332] [DEBUG] cheese - null
[2021-12-07T22:45:06.848] [DEBUG] cheese - login => username:admin,password:123456
[2021-12-07T22:45:06.849] [DEBUG] cheese - admin
[2021-12-07T22:45:06.855] [DEBUG] cheese - null
[2021-12-07T22:45:06.855] [DEBUG] cheese - null
[2021-12-07T23:34:59.667] [DEBUG] cheese - login => username:admin,password:123456
[2021-12-07T23:34:59.669] [DEBUG] cheese - admin
[2021-12-07T23:34:59.682] [DEBUG] cheese - null
[2021-12-07T23:34:59.682] [DEBUG] cheese - null
[2021-12-08T09:25:50.819] [DEBUG] cheese - login => username:admin,password:123456
[2021-12-08T09:25:50.820] [DEBUG] cheese - admin
[2021-12-08T09:25:50.838] [DEBUG] cheese - null
[2021-12-08T09:25:50.838] [DEBUG] cheese - null
[2021-12-08T09:40:21.376] [DEBUG] cheese - login => username:admin,password:123456
[2021-12-08T09:40:21.377] [DEBUG] cheese - admin
[2021-12-08T09:40:21.387] [DEBUG] cheese - null
[2021-12-08T09:40:21.387] [DEBUG] cheese - null
[2021-12-09T23:03:03.809] [DEBUG] cheese - login => username:admin3123,password:123456
[2021-12-09T23:03:03.811] [DEBUG] cheese - admin3123
[2021-12-09T23:03:03.850] [DEBUG] cheese - null
[2021-12-09T23:03:03.851] [DEBUG] cheese - null
[2021-12-09T23:03:03.938] [DEBUG] cheese - login => username:admin3123,password:123456
[2021-12-09T23:03:03.938] [DEBUG] cheese - admin3123
[2021-12-09T23:03:03.941] [DEBUG] cheese - null
[2021-12-09T23:03:03.941] [DEBUG] cheese - null
[2021-12-09T23:03:06.019] [DEBUG] cheese - login => username:admin,password:123456
[2021-12-09T23:03:06.019] [DEBUG] cheese - admin
[2021-12-09T23:03:06.024] [DEBUG] cheese - null
[2021-12-09T23:03:06.024] [DEBUG] cheese - null
[2021-12-09T23:11:20.693] [DEBUG] cheese - login => username:admin,password:123456
[2021-12-09T23:11:20.694] [DEBUG] cheese - admin
[2021-12-09T23:11:20.704] [DEBUG] cheese - null
[2021-12-09T23:11:20.705] [DEBUG] cheese - null
[2022-02-16T20:37:25.532] [DEBUG] cheese - login => username:admin,password:123456
[2022-02-16T20:37:25.533] [DEBUG] cheese - admin
[2022-02-16T20:37:25.560] [DEBUG] cheese - null
[2022-02-16T20:37:25.561] [DEBUG] cheese - null
[2022-02-16T20:49:25.008] [DEBUG] cheese - login => username:admin,password:123456
[2022-02-16T20:49:25.009] [DEBUG] cheese - admin
[2022-02-16T20:49:25.014] [DEBUG] cheese - null
[2022-02-16T20:49:25.015] [DEBUG] cheese - null
